<?xml version="1.0" encoding="UTF-8"?>
<!-- Generated by org.testng.reporters.JUnitXMLReporter -->
<testsuite ignored="0" hostname="DESKTOP-E3MR912" failures="1" tests="3" name="Test" time="0.101" errors="0" timestamp="2022-04-15T20:52:23 IST">
  <testcase classname="org.listeners.ClassA" name="tesA2" time="0.014"/>
  <testcase classname="org.listeners.ClassA" name="testA1" time="0.004"/>
  <testcase classname="org.listeners.ClassA" name="testA3" time="0.006">
    <failure type="java.lang.AssertionError" message="A3 expected [true] but found [false]">
      <![CDATA[java.lang.AssertionError: A3 expected [true] but found [false]
at org.listeners.ClassA.testA3(ClassA.java:19)
at java.base/java.util.ArrayList.forEach(ArrayList.java:1511)
... Removed 30 stack frames]]>
    </failure>
  </testcase> <!-- testA3 -->
</testsuite> <!-- Test -->
